<?xml version="1.0" encoding="UTF-8"?>
<!-- Generated by org.testng.reporters.JUnitReportReporter -->
<testsuite hostname="Syful-Lenovo" failures="0" tests="2" name="facebook.SeleniumTest" time="0.021" errors="0" timestamp="18 Nov 2018 06:30:19 GMT">
  <testcase classname="facebook.SeleniumTest" name="elementsUi" time="0.001"/>
  <testcase classname="facebook.SeleniumTest" name="BrowserAutomation" time="0.020"/>
</testsuite> <!-- facebook.SeleniumTest -->
