<?xml version="1.0" encoding="UTF-8"?>
<!-- Generated by org.testng.reporters.JUnitReportReporter -->
<testsuite hostname="Syful-Lenovo" failures="0" tests="2" name="facebook.RestAPITest" time="0.000" errors="0" timestamp="18 Nov 2018 06:41:36 GMT">
  <testcase classname="facebook.RestAPITest" name="deleteTwitter" time="0.000"/>
  <testcase classname="facebook.RestAPITest" name="postJira" time="0.000"/>
</testsuite> <!-- facebook.RestAPITest -->
