<?xml version="1.0" encoding="UTF-8"?>
<!-- Generated by org.testng.reporters.JUnitReportReporter -->
<testsuite hostname="Syful-Lenovo" failures="0" tests="2" name="facebook.AppiumTest" time="0.010" errors="0" timestamp="18 Nov 2018 06:41:36 GMT">
  <testcase classname="facebook.AppiumTest" name="IOSapps" time="0.010"/>
  <testcase classname="facebook.AppiumTest" name="NativeAppiumAndroid" time="0.000"/>
</testsuite> <!-- facebook.AppiumTest -->
